ERROR 2026-02-02 03:12:57,853 log 34524 42036 Internal Server Error: /api/schema/
Traceback (most recent call last):
  File "C:\Users\HP\Desktop\projet-agile\GenerateurDocument\venv\Lib\site-packages\django\core\handlers\exception.py", line 55, in inner
    response = get_response(request)
  File "C:\Users\HP\Desktop\projet-agile\GenerateurDocument\venv\Lib\site-packages\django\core\handlers\base.py", line 197, in _get_response
    response = wrapped_callback(request, *callback_args, **callback_kwargs)
  File "C:\Users\HP\Desktop\projet-agile\GenerateurDocument\venv\Lib\site-packages\django\views\decorators\csrf.py", line 65, in _view_wrapper
    return view_func(request, *args, **kwargs)
  File "C:\Users\HP\Desktop\projet-agile\GenerateurDocument\venv\Lib\site-packages\django\views\generic\base.py", line 105, in view
    return self.dispatch(request, *args, **kwargs)
           ~~~~~~~~~~~~~^^^^^^^^^^^^^^^^^^^^^^^^^^
  File "C:\Users\HP\Desktop\projet-agile\GenerateurDocument\venv\Lib\site-packages\rest_framework\views.py", line 509, in dispatch
    response = self.handle_exception(exc)
  File "C:\Users\HP\Desktop\projet-agile\GenerateurDocument\venv\Lib\site-packages\rest_framework\views.py", line 469, in handle_exception
    self.raise_uncaught_exception(exc)
    ~~~~~~~~~~~~~~~~~~~~~~~~~~~~~^^^^^
  File "C:\Users\HP\Desktop\projet-agile\GenerateurDocument\venv\Lib\site-packages\rest_framework\views.py", line 480, in raise_uncaught_exception
    raise exc
  File "C:\Users\HP\Desktop\projet-agile\GenerateurDocument\venv\Lib\site-packages\rest_framework\views.py", line 506, in dispatch
    response = handler(request, *args, **kwargs)
  File "C:\Users\HP\Desktop\projet-agile\GenerateurDocument\venv\Lib\site-packages\drf_spectacular\views.py", line 84, in get
    return self._get_schema_response(request)
           ~~~~~~~~~~~~~~~~~~~~~~~~~^^^^^^^^^
  File "C:\Users\HP\Desktop\projet-agile\GenerateurDocument\venv\Lib\site-packages\drf_spectacular\views.py", line 92, in _get_schema_response
    data=generator.get_schema(request=request, public=self.serve_public),
         ~~~~~~~~~~~~~~~~~~~~^^^^^^^^^^^^^^^^^^^^^^^^^^^^^^^^^^^^^^^^^^^
  File "C:\Users\HP\Desktop\projet-agile\GenerateurDocument\venv\Lib\site-packages\drf_spectacular\generators.py", line 281, in get_schema
    paths=self.parse(request, public),
          ~~~~~~~~~~^^^^^^^^^^^^^^^^^
  File "C:\Users\HP\Desktop\projet-agile\GenerateurDocument\venv\Lib\site-packages\drf_spectacular\generators.py", line 202, in parse
    endpoints = self._get_paths_and_endpoints()
  File "C:\Users\HP\Desktop\projet-agile\GenerateurDocument\venv\Lib\site-packages\drf_spectacular\generators.py", line 192, in _get_paths_and_endpoints
    view = self.create_view(callback, method)
  File "C:\Users\HP\Desktop\projet-agile\GenerateurDocument\venv\Lib\site-packages\drf_spectacular\generators.py", line 176, in create_view
    action_schema_class = type('ExtendedRearrangedSchema', mro, {})
TypeError: type 'function' is not an acceptable base type
ERROR 2026-02-02 03:12:57,868 basehttp 34524 42036 "GET /api/schema/ HTTP/1.1" 500 136119
ERROR 2026-02-02 03:12:58,014 log 34524 42036 Internal Server Error: /api/schema/
Traceback (most recent call last):
  File "C:\Users\HP\Desktop\projet-agile\GenerateurDocument\venv\Lib\site-packages\django\core\handlers\exception.py", line 55, in inner
    response = get_response(request)
  File "C:\Users\HP\Desktop\projet-agile\GenerateurDocument\venv\Lib\site-packages\django\core\handlers\base.py", line 197, in _get_response
    response = wrapped_callback(request, *callback_args, **callback_kwargs)
  File "C:\Users\HP\Desktop\projet-agile\GenerateurDocument\venv\Lib\site-packages\django\views\decorators\csrf.py", line 65, in _view_wrapper
    return view_func(request, *args, **kwargs)
  File "C:\Users\HP\Desktop\projet-agile\GenerateurDocument\venv\Lib\site-packages\django\views\generic\base.py", line 105, in view
    return self.dispatch(request, *args, **kwargs)
           ~~~~~~~~~~~~~^^^^^^^^^^^^^^^^^^^^^^^^^^
  File "C:\Users\HP\Desktop\projet-agile\GenerateurDocument\venv\Lib\site-packages\rest_framework\views.py", line 509, in dispatch
    response = self.handle_exception(exc)
  File "C:\Users\HP\Desktop\projet-agile\GenerateurDocument\venv\Lib\site-packages\rest_framework\views.py", line 469, in handle_exception
    self.raise_uncaught_exception(exc)
    ~~~~~~~~~~~~~~~~~~~~~~~~~~~~~^^^^^
  File "C:\Users\HP\Desktop\projet-agile\GenerateurDocument\venv\Lib\site-packages\rest_framework\views.py", line 480, in raise_uncaught_exception
    raise exc
  File "C:\Users\HP\Desktop\projet-agile\GenerateurDocument\venv\Lib\site-packages\rest_framework\views.py", line 506, in dispatch
    response = handler(request, *args, **kwargs)
  File "C:\Users\HP\Desktop\projet-agile\GenerateurDocument\venv\Lib\site-packages\drf_spectacular\views.py", line 84, in get
    return self._get_schema_response(request)
           ~~~~~~~~~~~~~~~~~~~~~~~~~^^^^^^^^^
  File "C:\Users\HP\Desktop\projet-agile\GenerateurDocument\venv\Lib\site-packages\drf_spectacular\views.py", line 92, in _get_schema_response
    data=generator.get_schema(request=request, public=self.serve_public),
         ~~~~~~~~~~~~~~~~~~~~^^^^^^^^^^^^^^^^^^^^^^^^^^^^^^^^^^^^^^^^^^^
  File "C:\Users\HP\Desktop\projet-agile\GenerateurDocument\venv\Lib\site-packages\drf_spectacular\generators.py", line 281, in get_schema
    paths=self.parse(request, public),
          ~~~~~~~~~~^^^^^^^^^^^^^^^^^
  File "C:\Users\HP\Desktop\projet-agile\GenerateurDocument\venv\Lib\site-packages\drf_spectacular\generators.py", line 202, in parse
    endpoints = self._get_paths_and_endpoints()
  File "C:\Users\HP\Desktop\projet-agile\GenerateurDocument\venv\Lib\site-packages\drf_spectacular\generators.py", line 192, in _get_paths_and_endpoints
    view = self.create_view(callback, method)
  File "C:\Users\HP\Desktop\projet-agile\GenerateurDocument\venv\Lib\site-packages\drf_spectacular\generators.py", line 176, in create_view
    action_schema_class = type('ExtendedRearrangedSchema', mro, {})
TypeError: type 'function' is not an acceptable base type
ERROR 2026-02-02 03:12:58,025 basehttp 34524 42036 "GET /api/schema/ HTTP/1.1" 500 136119
ERROR 2026-02-02 03:13:43,979 log 30076 23860 Internal Server Error: /api/schema/
Traceback (most recent call last):
  File "C:\Users\HP\Desktop\projet-agile\GenerateurDocument\venv\Lib\site-packages\django\core\handlers\exception.py", line 55, in inner
    response = get_response(request)
  File "C:\Users\HP\Desktop\projet-agile\GenerateurDocument\venv\Lib\site-packages\django\core\handlers\base.py", line 197, in _get_response
    response = wrapped_callback(request, *callback_args, **callback_kwargs)
  File "C:\Users\HP\Desktop\projet-agile\GenerateurDocument\venv\Lib\site-packages\django\views\decorators\csrf.py", line 65, in _view_wrapper
    return view_func(request, *args, **kwargs)
  File "C:\Users\HP\Desktop\projet-agile\GenerateurDocument\venv\Lib\site-packages\django\views\generic\base.py", line 105, in view
    return self.dispatch(request, *args, **kwargs)
           ~~~~~~~~~~~~~^^^^^^^^^^^^^^^^^^^^^^^^^^
  File "C:\Users\HP\Desktop\projet-agile\GenerateurDocument\venv\Lib\site-packages\rest_framework\views.py", line 509, in dispatch
    response = self.handle_exception(exc)
  File "C:\Users\HP\Desktop\projet-agile\GenerateurDocument\venv\Lib\site-packages\rest_framework\views.py", line 469, in handle_exception
    self.raise_uncaught_exception(exc)
    ~~~~~~~~~~~~~~~~~~~~~~~~~~~~~^^^^^
  File "C:\Users\HP\Desktop\projet-agile\GenerateurDocument\venv\Lib\site-packages\rest_framework\views.py", line 480, in raise_uncaught_exception
    raise exc
  File "C:\Users\HP\Desktop\projet-agile\GenerateurDocument\venv\Lib\site-packages\rest_framework\views.py", line 506, in dispatch
    response = handler(request, *args, **kwargs)
  File "C:\Users\HP\Desktop\projet-agile\GenerateurDocument\venv\Lib\site-packages\drf_spectacular\views.py", line 84, in get
    return self._get_schema_response(request)
           ~~~~~~~~~~~~~~~~~~~~~~~~~^^^^^^^^^
  File "C:\Users\HP\Desktop\projet-agile\GenerateurDocument\venv\Lib\site-packages\drf_spectacular\views.py", line 92, in _get_schema_response
    data=generator.get_schema(request=request, public=self.serve_public),
         ~~~~~~~~~~~~~~~~~~~~^^^^^^^^^^^^^^^^^^^^^^^^^^^^^^^^^^^^^^^^^^^
  File "C:\Users\HP\Desktop\projet-agile\GenerateurDocument\venv\Lib\site-packages\drf_spectacular\generators.py", line 281, in get_schema
    paths=self.parse(request, public),
          ~~~~~~~~~~^^^^^^^^^^^^^^^^^
  File "C:\Users\HP\Desktop\projet-agile\GenerateurDocument\venv\Lib\site-packages\drf_spectacular\generators.py", line 246, in parse
    assert isinstance(view.schema, AutoSchema), (
           ~~~~~~~~~~^^^^^^^^^^^^^^^^^^^^^^^^^
AssertionError: Incompatible AutoSchema used on View <class 'templates.views.TemplateViewSet'>. Is DRF's DEFAULT_SCHEMA_CLASS pointing to "drf_spectacular.openapi.AutoSchema" or any other drf-spectacular compatible AutoSchema?
ERROR 2026-02-02 03:13:44,001 basehttp 30076 23860 "GET /api/schema/ HTTP/1.1" 500 134019
ERROR 2026-02-02 03:13:44,163 log 30076 23860 Internal Server Error: /api/schema/
Traceback (most recent call last):
  File "C:\Users\HP\Desktop\projet-agile\GenerateurDocument\venv\Lib\site-packages\django\core\handlers\exception.py", line 55, in inner
    response = get_response(request)
  File "C:\Users\HP\Desktop\projet-agile\GenerateurDocument\venv\Lib\site-packages\django\core\handlers\base.py", line 197, in _get_response
    response = wrapped_callback(request, *callback_args, **callback_kwargs)
  File "C:\Users\HP\Desktop\projet-agile\GenerateurDocument\venv\Lib\site-packages\django\views\decorators\csrf.py", line 65, in _view_wrapper
    return view_func(request, *args, **kwargs)
  File "C:\Users\HP\Desktop\projet-agile\GenerateurDocument\venv\Lib\site-packages\django\views\generic\base.py", line 105, in view
    return self.dispatch(request, *args, **kwargs)
           ~~~~~~~~~~~~~^^^^^^^^^^^^^^^^^^^^^^^^^^
  File "C:\Users\HP\Desktop\projet-agile\GenerateurDocument\venv\Lib\site-packages\rest_framework\views.py", line 509, in dispatch
    response = self.handle_exception(exc)
  File "C:\Users\HP\Desktop\projet-agile\GenerateurDocument\venv\Lib\site-packages\rest_framework\views.py", line 469, in handle_exception
    self.raise_uncaught_exception(exc)
    ~~~~~~~~~~~~~~~~~~~~~~~~~~~~~^^^^^
  File "C:\Users\HP\Desktop\projet-agile\GenerateurDocument\venv\Lib\site-packages\rest_framework\views.py", line 480, in raise_uncaught_exception
    raise exc
  File "C:\Users\HP\Desktop\projet-agile\GenerateurDocument\venv\Lib\site-packages\rest_framework\views.py", line 506, in dispatch
    response = handler(request, *args, **kwargs)
  File "C:\Users\HP\Desktop\projet-agile\GenerateurDocument\venv\Lib\site-packages\drf_spectacular\views.py", line 84, in get
    return self._get_schema_response(request)
           ~~~~~~~~~~~~~~~~~~~~~~~~~^^^^^^^^^
  File "C:\Users\HP\Desktop\projet-agile\GenerateurDocument\venv\Lib\site-packages\drf_spectacular\views.py", line 92, in _get_schema_response
    data=generator.get_schema(request=request, public=self.serve_public),
         ~~~~~~~~~~~~~~~~~~~~^^^^^^^^^^^^^^^^^^^^^^^^^^^^^^^^^^^^^^^^^^^
  File "C:\Users\HP\Desktop\projet-agile\GenerateurDocument\venv\Lib\site-packages\drf_spectacular\generators.py", line 281, in get_schema
    paths=self.parse(request, public),
          ~~~~~~~~~~^^^^^^^^^^^^^^^^^
  File "C:\Users\HP\Desktop\projet-agile\GenerateurDocument\venv\Lib\site-packages\drf_spectacular\generators.py", line 246, in parse
    assert isinstance(view.schema, AutoSchema), (
           ~~~~~~~~~~^^^^^^^^^^^^^^^^^^^^^^^^^
AssertionError: Incompatible AutoSchema used on View <class 'templates.views.TemplateViewSet'>. Is DRF's DEFAULT_SCHEMA_CLASS pointing to "drf_spectacular.openapi.AutoSchema" or any other drf-spectacular compatible AutoSchema?
ERROR 2026-02-02 03:13:44,172 basehttp 30076 23860 "GET /api/schema/ HTTP/1.1" 500 134019
ERROR 2026-02-02 03:15:21,429 log 38584 35168 Internal Server Error: /api/schema/
Traceback (most recent call last):
  File "C:\Users\HP\Desktop\projet-agile\GenerateurDocument\venv\Lib\site-packages\django\core\handlers\exception.py", line 55, in inner
    response = get_response(request)
  File "C:\Users\HP\Desktop\projet-agile\GenerateurDocument\venv\Lib\site-packages\django\core\handlers\base.py", line 197, in _get_response
    response = wrapped_callback(request, *callback_args, **callback_kwargs)
  File "C:\Users\HP\Desktop\projet-agile\GenerateurDocument\venv\Lib\site-packages\django\views\decorators\csrf.py", line 65, in _view_wrapper
    return view_func(request, *args, **kwargs)
  File "C:\Users\HP\Desktop\projet-agile\GenerateurDocument\venv\Lib\site-packages\django\views\generic\base.py", line 105, in view
    return self.dispatch(request, *args, **kwargs)
           ~~~~~~~~~~~~~^^^^^^^^^^^^^^^^^^^^^^^^^^
  File "C:\Users\HP\Desktop\projet-agile\GenerateurDocument\venv\Lib\site-packages\rest_framework\views.py", line 509, in dispatch
    response = self.handle_exception(exc)
  File "C:\Users\HP\Desktop\projet-agile\GenerateurDocument\venv\Lib\site-packages\rest_framework\views.py", line 469, in handle_exception
    self.raise_uncaught_exception(exc)
    ~~~~~~~~~~~~~~~~~~~~~~~~~~~~~^^^^^
  File "C:\Users\HP\Desktop\projet-agile\GenerateurDocument\venv\Lib\site-packages\rest_framework\views.py", line 480, in raise_uncaught_exception
    raise exc
  File "C:\Users\HP\Desktop\projet-agile\GenerateurDocument\venv\Lib\site-packages\rest_framework\views.py", line 506, in dispatch
    response = handler(request, *args, **kwargs)
  File "C:\Users\HP\Desktop\projet-agile\GenerateurDocument\venv\Lib\site-packages\drf_spectacular\views.py", line 84, in get
    return self._get_schema_response(request)
           ~~~~~~~~~~~~~~~~~~~~~~~~~^^^^^^^^^
  File "C:\Users\HP\Desktop\projet-agile\GenerateurDocument\venv\Lib\site-packages\drf_spectacular\views.py", line 92, in _get_schema_response
    data=generator.get_schema(request=request, public=self.serve_public),
         ~~~~~~~~~~~~~~~~~~~~^^^^^^^^^^^^^^^^^^^^^^^^^^^^^^^^^^^^^^^^^^^
  File "C:\Users\HP\Desktop\projet-agile\GenerateurDocument\venv\Lib\site-packages\drf_spectacular\generators.py", line 281, in get_schema
    paths=self.parse(request, public),
          ~~~~~~~~~~^^^^^^^^^^^^^^^^^
  File "C:\Users\HP\Desktop\projet-agile\GenerateurDocument\venv\Lib\site-packages\drf_spectacular\generators.py", line 246, in parse
    assert isinstance(view.schema, AutoSchema), (
           ~~~~~~~~~~^^^^^^^^^^^^^^^^^^^^^^^^^
AssertionError: Incompatible AutoSchema used on View <class 'templates.views.TemplateViewSet'>. Is DRF's DEFAULT_SCHEMA_CLASS pointing to "drf_spectacular.openapi.AutoSchema" or any other drf-spectacular compatible AutoSchema?
ERROR 2026-02-02 03:15:21,448 basehttp 38584 35168 "GET /api/schema/ HTTP/1.1" 500 134019
ERROR 2026-02-02 03:15:21,644 log 38584 35168 Internal Server Error: /api/schema/
Traceback (most recent call last):
  File "C:\Users\HP\Desktop\projet-agile\GenerateurDocument\venv\Lib\site-packages\django\core\handlers\exception.py", line 55, in inner
    response = get_response(request)
  File "C:\Users\HP\Desktop\projet-agile\GenerateurDocument\venv\Lib\site-packages\django\core\handlers\base.py", line 197, in _get_response
    response = wrapped_callback(request, *callback_args, **callback_kwargs)
  File "C:\Users\HP\Desktop\projet-agile\GenerateurDocument\venv\Lib\site-packages\django\views\decorators\csrf.py", line 65, in _view_wrapper
    return view_func(request, *args, **kwargs)
  File "C:\Users\HP\Desktop\projet-agile\GenerateurDocument\venv\Lib\site-packages\django\views\generic\base.py", line 105, in view
    return self.dispatch(request, *args, **kwargs)
           ~~~~~~~~~~~~~^^^^^^^^^^^^^^^^^^^^^^^^^^
  File "C:\Users\HP\Desktop\projet-agile\GenerateurDocument\venv\Lib\site-packages\rest_framework\views.py", line 509, in dispatch
    response = self.handle_exception(exc)
  File "C:\Users\HP\Desktop\projet-agile\GenerateurDocument\venv\Lib\site-packages\rest_framework\views.py", line 469, in handle_exception
    self.raise_uncaught_exception(exc)
    ~~~~~~~~~~~~~~~~~~~~~~~~~~~~~^^^^^
  File "C:\Users\HP\Desktop\projet-agile\GenerateurDocument\venv\Lib\site-packages\rest_framework\views.py", line 480, in raise_uncaught_exception
    raise exc
  File "C:\Users\HP\Desktop\projet-agile\GenerateurDocument\venv\Lib\site-packages\rest_framework\views.py", line 506, in dispatch
    response = handler(request, *args, **kwargs)
  File "C:\Users\HP\Desktop\projet-agile\GenerateurDocument\venv\Lib\site-packages\drf_spectacular\views.py", line 84, in get
    return self._get_schema_response(request)
           ~~~~~~~~~~~~~~~~~~~~~~~~~^^^^^^^^^
  File "C:\Users\HP\Desktop\projet-agile\GenerateurDocument\venv\Lib\site-packages\drf_spectacular\views.py", line 92, in _get_schema_response
    data=generator.get_schema(request=request, public=self.serve_public),
         ~~~~~~~~~~~~~~~~~~~~^^^^^^^^^^^^^^^^^^^^^^^^^^^^^^^^^^^^^^^^^^^
  File "C:\Users\HP\Desktop\projet-agile\GenerateurDocument\venv\Lib\site-packages\drf_spectacular\generators.py", line 281, in get_schema
    paths=self.parse(request, public),
          ~~~~~~~~~~^^^^^^^^^^^^^^^^^
  File "C:\Users\HP\Desktop\projet-agile\GenerateurDocument\venv\Lib\site-packages\drf_spectacular\generators.py", line 246, in parse
    assert isinstance(view.schema, AutoSchema), (
           ~~~~~~~~~~^^^^^^^^^^^^^^^^^^^^^^^^^
AssertionError: Incompatible AutoSchema used on View <class 'templates.views.TemplateViewSet'>. Is DRF's DEFAULT_SCHEMA_CLASS pointing to "drf_spectacular.openapi.AutoSchema" or any other drf-spectacular compatible AutoSchema?
ERROR 2026-02-02 03:15:21,657 basehttp 38584 35168 "GET /api/schema/ HTTP/1.1" 500 134019
ERROR 2026-02-02 03:17:03,279 log 13064 2696 Internal Server Error: /api/schema/
Traceback (most recent call last):
  File "C:\Users\HP\Desktop\projet-agile\GenerateurDocument\venv\Lib\site-packages\django\core\handlers\exception.py", line 55, in inner
    response = get_response(request)
  File "C:\Users\HP\Desktop\projet-agile\GenerateurDocument\venv\Lib\site-packages\django\core\handlers\base.py", line 197, in _get_response
    response = wrapped_callback(request, *callback_args, **callback_kwargs)
  File "C:\Users\HP\Desktop\projet-agile\GenerateurDocument\venv\Lib\site-packages\django\views\decorators\csrf.py", line 65, in _view_wrapper
    return view_func(request, *args, **kwargs)
  File "C:\Users\HP\Desktop\projet-agile\GenerateurDocument\venv\Lib\site-packages\django\views\generic\base.py", line 105, in view
    return self.dispatch(request, *args, **kwargs)
           ~~~~~~~~~~~~~^^^^^^^^^^^^^^^^^^^^^^^^^^
  File "C:\Users\HP\Desktop\projet-agile\GenerateurDocument\venv\Lib\site-packages\rest_framework\views.py", line 509, in dispatch
    response = self.handle_exception(exc)
  File "C:\Users\HP\Desktop\projet-agile\GenerateurDocument\venv\Lib\site-packages\rest_framework\views.py", line 469, in handle_exception
    self.raise_uncaught_exception(exc)
    ~~~~~~~~~~~~~~~~~~~~~~~~~~~~~^^^^^
  File "C:\Users\HP\Desktop\projet-agile\GenerateurDocument\venv\Lib\site-packages\rest_framework\views.py", line 480, in raise_uncaught_exception
    raise exc
  File "C:\Users\HP\Desktop\projet-agile\GenerateurDocument\venv\Lib\site-packages\rest_framework\views.py", line 506, in dispatch
    response = handler(request, *args, **kwargs)
  File "C:\Users\HP\Desktop\projet-agile\GenerateurDocument\venv\Lib\site-packages\drf_spectacular\views.py", line 84, in get
    return self._get_schema_response(request)
           ~~~~~~~~~~~~~~~~~~~~~~~~~^^^^^^^^^
  File "C:\Users\HP\Desktop\projet-agile\GenerateurDocument\venv\Lib\site-packages\drf_spectacular\views.py", line 92, in _get_schema_response
    data=generator.get_schema(request=request, public=self.serve_public),
         ~~~~~~~~~~~~~~~~~~~~^^^^^^^^^^^^^^^^^^^^^^^^^^^^^^^^^^^^^^^^^^^
  File "C:\Users\HP\Desktop\projet-agile\GenerateurDocument\venv\Lib\site-packages\drf_spectacular\generators.py", line 281, in get_schema
    paths=self.parse(request, public),
          ~~~~~~~~~~^^^^^^^^^^^^^^^^^
  File "C:\Users\HP\Desktop\projet-agile\GenerateurDocument\venv\Lib\site-packages\drf_spectacular\generators.py", line 246, in parse
    assert isinstance(view.schema, AutoSchema), (
           ~~~~~~~~~~^^^^^^^^^^^^^^^^^^^^^^^^^
AssertionError: Incompatible AutoSchema used on View <class 'templates.views.TemplateViewSet'>. Is DRF's DEFAULT_SCHEMA_CLASS pointing to "drf_spectacular.openapi.AutoSchema" or any other drf-spectacular compatible AutoSchema?
ERROR 2026-02-02 03:17:03,299 basehttp 13064 2696 "GET /api/schema/ HTTP/1.1" 500 134019
ERROR 2026-02-02 03:17:03,456 log 13064 2696 Internal Server Error: /api/schema/
Traceback (most recent call last):
  File "C:\Users\HP\Desktop\projet-agile\GenerateurDocument\venv\Lib\site-packages\django\core\handlers\exception.py", line 55, in inner
    response = get_response(request)
  File "C:\Users\HP\Desktop\projet-agile\GenerateurDocument\venv\Lib\site-packages\django\core\handlers\base.py", line 197, in _get_response
    response = wrapped_callback(request, *callback_args, **callback_kwargs)
  File "C:\Users\HP\Desktop\projet-agile\GenerateurDocument\venv\Lib\site-packages\django\views\decorators\csrf.py", line 65, in _view_wrapper
    return view_func(request, *args, **kwargs)
  File "C:\Users\HP\Desktop\projet-agile\GenerateurDocument\venv\Lib\site-packages\django\views\generic\base.py", line 105, in view
    return self.dispatch(request, *args, **kwargs)
           ~~~~~~~~~~~~~^^^^^^^^^^^^^^^^^^^^^^^^^^
  File "C:\Users\HP\Desktop\projet-agile\GenerateurDocument\venv\Lib\site-packages\rest_framework\views.py", line 509, in dispatch
    response = self.handle_exception(exc)
  File "C:\Users\HP\Desktop\projet-agile\GenerateurDocument\venv\Lib\site-packages\rest_framework\views.py", line 469, in handle_exception
    self.raise_uncaught_exception(exc)
    ~~~~~~~~~~~~~~~~~~~~~~~~~~~~~^^^^^
  File "C:\Users\HP\Desktop\projet-agile\GenerateurDocument\venv\Lib\site-packages\rest_framework\views.py", line 480, in raise_uncaught_exception
    raise exc
  File "C:\Users\HP\Desktop\projet-agile\GenerateurDocument\venv\Lib\site-packages\rest_framework\views.py", line 506, in dispatch
    response = handler(request, *args, **kwargs)
  File "C:\Users\HP\Desktop\projet-agile\GenerateurDocument\venv\Lib\site-packages\drf_spectacular\views.py", line 84, in get
    return self._get_schema_response(request)
           ~~~~~~~~~~~~~~~~~~~~~~~~~^^^^^^^^^
  File "C:\Users\HP\Desktop\projet-agile\GenerateurDocument\venv\Lib\site-packages\drf_spectacular\views.py", line 92, in _get_schema_response
    data=generator.get_schema(request=request, public=self.serve_public),
         ~~~~~~~~~~~~~~~~~~~~^^^^^^^^^^^^^^^^^^^^^^^^^^^^^^^^^^^^^^^^^^^
  File "C:\Users\HP\Desktop\projet-agile\GenerateurDocument\venv\Lib\site-packages\drf_spectacular\generators.py", line 281, in get_schema
    paths=self.parse(request, public),
          ~~~~~~~~~~^^^^^^^^^^^^^^^^^
  File "C:\Users\HP\Desktop\projet-agile\GenerateurDocument\venv\Lib\site-packages\drf_spectacular\generators.py", line 246, in parse
    assert isinstance(view.schema, AutoSchema), (
           ~~~~~~~~~~^^^^^^^^^^^^^^^^^^^^^^^^^
AssertionError: Incompatible AutoSchema used on View <class 'templates.views.TemplateViewSet'>. Is DRF's DEFAULT_SCHEMA_CLASS pointing to "drf_spectacular.openapi.AutoSchema" or any other drf-spectacular compatible AutoSchema?
ERROR 2026-02-02 03:17:03,463 basehttp 13064 2696 "GET /api/schema/ HTTP/1.1" 500 134019
ERROR 2026-02-02 03:17:24,601 log 20144 42896 Internal Server Error: /api/schema/
Traceback (most recent call last):
  File "C:\Users\HP\Desktop\projet-agile\GenerateurDocument\venv\Lib\site-packages\django\core\handlers\exception.py", line 55, in inner
    response = get_response(request)
  File "C:\Users\HP\Desktop\projet-agile\GenerateurDocument\venv\Lib\site-packages\django\core\handlers\base.py", line 197, in _get_response
    response = wrapped_callback(request, *callback_args, **callback_kwargs)
  File "C:\Users\HP\Desktop\projet-agile\GenerateurDocument\venv\Lib\site-packages\django\views\decorators\csrf.py", line 65, in _view_wrapper
    return view_func(request, *args, **kwargs)
  File "C:\Users\HP\Desktop\projet-agile\GenerateurDocument\venv\Lib\site-packages\django\views\generic\base.py", line 105, in view
    return self.dispatch(request, *args, **kwargs)
           ~~~~~~~~~~~~~^^^^^^^^^^^^^^^^^^^^^^^^^^
  File "C:\Users\HP\Desktop\projet-agile\GenerateurDocument\venv\Lib\site-packages\rest_framework\views.py", line 509, in dispatch
    response = self.handle_exception(exc)
  File "C:\Users\HP\Desktop\projet-agile\GenerateurDocument\venv\Lib\site-packages\rest_framework\views.py", line 469, in handle_exception
    self.raise_uncaught_exception(exc)
    ~~~~~~~~~~~~~~~~~~~~~~~~~~~~~^^^^^
  File "C:\Users\HP\Desktop\projet-agile\GenerateurDocument\venv\Lib\site-packages\rest_framework\views.py", line 480, in raise_uncaught_exception
    raise exc
  File "C:\Users\HP\Desktop\projet-agile\GenerateurDocument\venv\Lib\site-packages\rest_framework\views.py", line 506, in dispatch
    response = handler(request, *args, **kwargs)
  File "C:\Users\HP\Desktop\projet-agile\GenerateurDocument\venv\Lib\site-packages\drf_spectacular\views.py", line 84, in get
    return self._get_schema_response(request)
           ~~~~~~~~~~~~~~~~~~~~~~~~~^^^^^^^^^
  File "C:\Users\HP\Desktop\projet-agile\GenerateurDocument\venv\Lib\site-packages\drf_spectacular\views.py", line 92, in _get_schema_response
    data=generator.get_schema(request=request, public=self.serve_public),
         ~~~~~~~~~~~~~~~~~~~~^^^^^^^^^^^^^^^^^^^^^^^^^^^^^^^^^^^^^^^^^^^
  File "C:\Users\HP\Desktop\projet-agile\GenerateurDocument\venv\Lib\site-packages\drf_spectacular\generators.py", line 281, in get_schema
    paths=self.parse(request, public),
          ~~~~~~~~~~^^^^^^^^^^^^^^^^^
  File "C:\Users\HP\Desktop\projet-agile\GenerateurDocument\venv\Lib\site-packages\drf_spectacular\generators.py", line 246, in parse
    assert isinstance(view.schema, AutoSchema), (
           ~~~~~~~~~~^^^^^^^^^^^^^^^^^^^^^^^^^
AssertionError: Incompatible AutoSchema used on View <class 'templates.views.TemplateViewSet'>. Is DRF's DEFAULT_SCHEMA_CLASS pointing to "drf_spectacular.openapi.AutoSchema" or any other drf-spectacular compatible AutoSchema?
ERROR 2026-02-02 03:17:24,616 basehttp 20144 42896 "GET /api/schema/ HTTP/1.1" 500 134019
ERROR 2026-02-02 03:17:24,770 log 20144 42896 Internal Server Error: /api/schema/
Traceback (most recent call last):
  File "C:\Users\HP\Desktop\projet-agile\GenerateurDocument\venv\Lib\site-packages\django\core\handlers\exception.py", line 55, in inner
    response = get_response(request)
  File "C:\Users\HP\Desktop\projet-agile\GenerateurDocument\venv\Lib\site-packages\django\core\handlers\base.py", line 197, in _get_response
    response = wrapped_callback(request, *callback_args, **callback_kwargs)
  File "C:\Users\HP\Desktop\projet-agile\GenerateurDocument\venv\Lib\site-packages\django\views\decorators\csrf.py", line 65, in _view_wrapper
    return view_func(request, *args, **kwargs)
  File "C:\Users\HP\Desktop\projet-agile\GenerateurDocument\venv\Lib\site-packages\django\views\generic\base.py", line 105, in view
    return self.dispatch(request, *args, **kwargs)
           ~~~~~~~~~~~~~^^^^^^^^^^^^^^^^^^^^^^^^^^
  File "C:\Users\HP\Desktop\projet-agile\GenerateurDocument\venv\Lib\site-packages\rest_framework\views.py", line 509, in dispatch
    response = self.handle_exception(exc)
  File "C:\Users\HP\Desktop\projet-agile\GenerateurDocument\venv\Lib\site-packages\rest_framework\views.py", line 469, in handle_exception
    self.raise_uncaught_exception(exc)
    ~~~~~~~~~~~~~~~~~~~~~~~~~~~~~^^^^^
  File "C:\Users\HP\Desktop\projet-agile\GenerateurDocument\venv\Lib\site-packages\rest_framework\views.py", line 480, in raise_uncaught_exception
    raise exc
  File "C:\Users\HP\Desktop\projet-agile\GenerateurDocument\venv\Lib\site-packages\rest_framework\views.py", line 506, in dispatch
    response = handler(request, *args, **kwargs)
  File "C:\Users\HP\Desktop\projet-agile\GenerateurDocument\venv\Lib\site-packages\drf_spectacular\views.py", line 84, in get
    return self._get_schema_response(request)
           ~~~~~~~~~~~~~~~~~~~~~~~~~^^^^^^^^^
  File "C:\Users\HP\Desktop\projet-agile\GenerateurDocument\venv\Lib\site-packages\drf_spectacular\views.py", line 92, in _get_schema_response
    data=generator.get_schema(request=request, public=self.serve_public),
         ~~~~~~~~~~~~~~~~~~~~^^^^^^^^^^^^^^^^^^^^^^^^^^^^^^^^^^^^^^^^^^^
  File "C:\Users\HP\Desktop\projet-agile\GenerateurDocument\venv\Lib\site-packages\drf_spectacular\generators.py", line 281, in get_schema
    paths=self.parse(request, public),
          ~~~~~~~~~~^^^^^^^^^^^^^^^^^
  File "C:\Users\HP\Desktop\projet-agile\GenerateurDocument\venv\Lib\site-packages\drf_spectacular\generators.py", line 246, in parse
    assert isinstance(view.schema, AutoSchema), (
           ~~~~~~~~~~^^^^^^^^^^^^^^^^^^^^^^^^^
AssertionError: Incompatible AutoSchema used on View <class 'templates.views.TemplateViewSet'>. Is DRF's DEFAULT_SCHEMA_CLASS pointing to "drf_spectacular.openapi.AutoSchema" or any other drf-spectacular compatible AutoSchema?
ERROR 2026-02-02 03:17:24,779 basehttp 20144 42896 "GET /api/schema/ HTTP/1.1" 500 134019
